  [4;36;1mSQL (0.3ms)[0m   [0;1m SELECT name
 FROM sqlite_master
 WHERE type = 'table' AND NOT name = 'sqlite_sequence'
[0m
  [4;35;1mSQL (0.2ms)[0m   [0mselect sqlite_version(*)[0m
  [4;36;1mSQL (6.5ms)[0m   [0;1mCREATE TABLE "schema_migrations" ("version" varchar(255) NOT NULL) [0m
  [4;35;1mSQL (2.6ms)[0m   [0mCREATE UNIQUE INDEX "unique_schema_migrations" ON "schema_migrations" ("version")[0m
  [4;36;1mSQL (0.2ms)[0m   [0;1m SELECT name
 FROM sqlite_master
 WHERE type = 'table' AND NOT name = 'sqlite_sequence'
[0m
  [4;35;1mSQL (0.1ms)[0m   [0mSELECT version FROM schema_migrations[0m
Migrating to CreateEvents (20091113162922)
  [4;36;1mSQL (110.6ms)[0m   [0;1mCREATE TABLE "events" ("id" INTEGER PRIMARY KEY AUTOINCREMENT NOT NULL, "created_at" datetime, "updated_at" datetime) [0m
  [4;35;1mSQL (0.2ms)[0m   [0mINSERT INTO schema_migrations (version) VALUES ('20091113162922')[0m
Migrating to AddPhotoToEvent (20091113162949)
  [4;36;1mSQL (0.5ms)[0m   [0;1mALTER TABLE "events" ADD "photo_file_name" varchar(255)[0m
  [4;35;1mSQL (0.2ms)[0m   [0mALTER TABLE "events" ADD "photo_content_type" varchar(255)[0m
  [4;36;1mSQL (0.3ms)[0m   [0;1mALTER TABLE "events" ADD "photo_file_size" integer[0m
  [4;35;1mSQL (0.2ms)[0m   [0mINSERT INTO schema_migrations (version) VALUES ('20091113162949')[0m
  [4;36;1mSQL (0.3ms)[0m   [0;1m SELECT name
 FROM sqlite_master
 WHERE type = 'table' AND NOT name = 'sqlite_sequence'
[0m
  [4;35;1mSQL (0.2ms)[0m   [0mSELECT version FROM schema_migrations[0m
  [4;36;1mSQL (0.2ms)[0m   [0;1m SELECT name
 FROM sqlite_master
 WHERE type = 'table' AND NOT name = 'sqlite_sequence'
[0m
  [4;35;1mSQL (0.1ms)[0m   [0mPRAGMA index_list("events")[0m


Processing EventsController#index (for 127.0.0.1 at 2009-11-13 10:13:54) [GET]

SyntaxError (/Library/WebServer/Documents/upload6/app/models/event.rb:12: syntax error, unexpected $end, expecting kEND
    :large =>   "400x400>" }
                            ^):
  app/controllers/events_controller.rb:5:in `index'

Rendered rescues/_trace (43.5ms)
Rendered rescues/_request_and_response (10.8ms)
Rendering rescues/layout (internal_server_error)


Processing EventsController#index (for 127.0.0.1 at 2009-11-13 10:14:45) [GET]
  [4;36;1mSQL (0.6ms)[0m   [0;1m SELECT name
 FROM sqlite_master
 WHERE type = 'table' AND NOT name = 'sqlite_sequence'
[0m
  [4;35;1mSQL (0.2ms)[0m   [0m SELECT name
 FROM sqlite_master
 WHERE type = 'table' AND NOT name = 'sqlite_sequence'
[0m

NoMethodError (undefined method `has_attached_file' for #<Class:0x104170110>):
  app/models/event.rb:7
  app/controllers/events_controller.rb:5:in `index'

Rendered rescues/_trace (110.7ms)
Rendered rescues/_request_and_response (0.3ms)
Rendering rescues/layout (internal_server_error)


Processing EventsController#index (for 127.0.0.1 at 2009-11-13 10:15:58) [GET]
  [4;36;1mEvent Load (13.0ms)[0m   [0;1mSELECT * FROM "events" [0m
Rendering template within layouts/events
Rendering events/index
Completed in 244ms (View: 134, DB: 13) | 200 OK [http://localhost/events]


Processing EventsController#new (for 127.0.0.1 at 2009-11-13 10:16:00) [GET]
Rendering template within layouts/events
Rendering events/new

ActionView::TemplateError (Missing template events/_form.erb in view path app/views) on line #5 of app/views/events/new.html.erb:
2: 
3: <% form_for(@event,:html => { :multipart => true }) do |f| %>
4:   <%= f.error_messages %>
5:   <%= render :partial => 'form', :locals => { :f => f } %>
6: 
7:   <p>
8:     <%= f.submit 'Create' %>

    app/views/events/new.html.erb:5
    app/views/events/new.html.erb:3
    app/controllers/events_controller.rb:29:in `new'

Rendered rescues/_trace (121.6ms)
Rendered rescues/_request_and_response (0.3ms)
Rendering rescues/layout (internal_server_error)


Processing EventsController#index (for 127.0.0.1 at 2009-11-13 10:16:37) [GET]
  [4;35;1mEvent Load (0.3ms)[0m   [0mSELECT * FROM "events" [0m
Rendering template within layouts/events
Rendering events/index
Completed in 9ms (View: 2, DB: 0) | 200 OK [http://localhost/events]


Processing EventsController#new (for 127.0.0.1 at 2009-11-13 10:16:39) [GET]
Rendering template within layouts/events
Rendering events/new
Rendered events/_form (1.0ms)
Completed in 16ms (View: 9, DB: 0) | 200 OK [http://localhost/events/new]


Processing EventsController#create (for 127.0.0.1 at 2009-11-13 10:17:04) [POST]
  Parameters: {"commit"=>"Create", "authenticity_token"=>"iN9SUS82I+cVdGFDH/NOb73seNxqyStbTRJNvX9TFpI=", "event"=>{"photo"=>#<File:/var/folders/Q-/Q-YxtiMsHX4jYgfFNjLcK++++TI/-Tmp-/RackMultipart20091113-87070-2rbqld-0>}}
Rendering template within layouts/events
Rendering events/new
Rendered events/_form (0.7ms)
Completed in 79ms (View: 22, DB: 0) | 200 OK [http://localhost/events]


Processing EventsController#create (for 127.0.0.1 at 2009-11-13 10:17:33) [POST]
  Parameters: {"commit"=>"Create", "authenticity_token"=>"iN9SUS82I+cVdGFDH/NOb73seNxqyStbTRJNvX9TFpI=", "event"=>{"photo"=>#<File:/var/folders/Q-/Q-YxtiMsHX4jYgfFNjLcK++++TI/-Tmp-/RackMultipart20091113-87070-1dccgw5-0>}}
  [4;36;1mEvent Create (21.9ms)[0m   [0;1mINSERT INTO "events" ("created_at", "photo_file_size", "updated_at", "photo_file_name", "photo_content_type") VALUES('2009-11-13 18:17:33', 21480, '2009-11-13 18:17:33', 'cricket.jpg', 'image/jpeg')[0m
Redirected to http://localhost:3000/events/1
Completed in 193ms (DB: 22) | 302 Found [http://localhost/events]


Processing EventsController#show (for 127.0.0.1 at 2009-11-13 10:17:33) [GET]
  Parameters: {"id"=>"1"}
  [4;35;1mEvent Load (0.3ms)[0m   [0mSELECT * FROM "events" WHERE ("events"."id" = 1) [0m
Rendering template within layouts/events
Rendering events/show
Completed in 20ms (View: 10, DB: 0) | 200 OK [http://localhost/events/1]


Processing ApplicationController#index (for 127.0.0.1 at 2009-11-13 10:17:34) [GET]

ActionController::RoutingError (No route matches "/photos/1/small/cricket.jpg" with {:method=>:get}):
  

Rendering rescues/layout (not_found)


Processing ApplicationController#index (for 127.0.0.1 at 2009-11-13 10:17:34) [GET]

ActionController::RoutingError (No route matches "/photos/1/medium/cricket.jpg" with {:method=>:get}):
  

Rendering rescues/layout (not_found)


Processing EventsController#edit (for 127.0.0.1 at 2009-11-13 10:17:37) [GET]
  Parameters: {"id"=>"1"}
  [4;36;1mEvent Load (0.2ms)[0m   [0;1mSELECT * FROM "events" WHERE ("events"."id" = 1) [0m
Rendering template within layouts/events
Rendering events/edit
Rendered events/_form (0.6ms)
Completed in 19ms (View: 12, DB: 0) | 200 OK [http://localhost/events/1/edit]


Processing EventsController#index (for 127.0.0.1 at 2009-11-13 10:17:41) [GET]
  [4;35;1mEvent Load (0.5ms)[0m   [0mSELECT * FROM "events" [0m
Rendering template within layouts/events
Rendering events/index
Completed in 14ms (View: 7, DB: 0) | 200 OK [http://localhost/events]


Processing EventsController#show (for 127.0.0.1 at 2009-11-13 10:17:43) [GET]
  Parameters: {"id"=>"1"}
  [4;36;1mEvent Load (0.3ms)[0m   [0;1mSELECT * FROM "events" WHERE ("events"."id" = 1) [0m
Rendering template within layouts/events
Rendering events/show
Completed in 12ms (View: 4, DB: 0) | 200 OK [http://localhost/events/1]


Processing ApplicationController#index (for 127.0.0.1 at 2009-11-13 10:17:43) [GET]

ActionController::RoutingError (No route matches "/photos/1/small/cricket.jpg" with {:method=>:get}):
  

Rendering rescues/layout (not_found)


Processing ApplicationController#index (for 127.0.0.1 at 2009-11-13 10:17:43) [GET]

ActionController::RoutingError (No route matches "/photos/1/medium/cricket.jpg" with {:method=>:get}):
  

Rendering rescues/layout (not_found)


Processing EventsController#index (for 127.0.0.1 at 2009-11-13 10:20:55) [GET]
  [4;35;1mEvent Load (0.5ms)[0m   [0mSELECT * FROM "events" [0m
Rendering template within layouts/events
Rendering events/index
Completed in 83ms (View: 8, DB: 0) | 200 OK [http://localhost/events]


Processing EventsController#show (for 127.0.0.1 at 2009-11-13 10:20:57) [GET]
  Parameters: {"id"=>"1"}
  [4;36;1mEvent Load (0.2ms)[0m   [0;1mSELECT * FROM "events" WHERE ("events"."id" = 1) [0m
Rendering template within layouts/events
Rendering events/show
Completed in 11ms (View: 4, DB: 0) | 200 OK [http://localhost/events/1]


Processing ApplicationController#index (for 127.0.0.1 at 2009-11-13 10:20:57) [GET]

ActionController::RoutingError (No route matches "/photos/1/small/cricket.jpg" with {:method=>:get}):
  

Rendering rescues/layout (not_found)


Processing ApplicationController#index (for 127.0.0.1 at 2009-11-13 10:20:57) [GET]

ActionController::RoutingError (No route matches "/photos/1/medium/cricket.jpg" with {:method=>:get}):
  

Rendering rescues/layout (not_found)
